

Microchip MPLAB XC8 Assembler V2.40 build 20220703182018 
                                                                                               Sat Dec 17 13:23:29 2022

Microchip MPLAB XC8 C Compiler v2.40 (Free license) build 20220703182018 Og1 
     1                           	processor	10F200
     2                           	pagewidth 120
     3                           	opt	flic
     4                           	psect	cinit,global,class=ENTRY,merge=1,delta=2
     5                           	psect	cstackBANK0,global,class=BANK0,space=1,delta=1,noexec
     6                           	psect	maintext,global,class=CODE,split=1,delta=2
     7                           	psect	idloc,global,abs,ovrld,class=IDLOC,space=5,delta=2,noexec
     8                           	psect	config,global,abs,ovrld,class=CONFIG,space=4,delta=2,noexec
     9                           	dabs	1,0x1C,4
    10      000                     
    11                           ; Version 2.40
    12                           ; Generated 06/12/2021 GMT
    13                           ; 
    14                           ; Copyright © 2021, Microchip Technology Inc. and its subsidiaries ("Microchip")
    15                           ; All rights reserved.
    16                           ; 
    17                           ; This software is developed by Microchip Technology Inc. and its subsidiaries ("Microch
      +                          ip").
    18                           ; 
    19                           ; Redistribution and use in source and binary forms, with or without modification, are
    20                           ; permitted provided that the following conditions are met:
    21                           ; 
    22                           ;     1. Redistributions of source code must retain the above copyright notice, this lis
      +                          t of
    23                           ;        conditions and the following disclaimer.
    24                           ; 
    25                           ;     2. Redistributions in binary form must reproduce the above copyright notice, this 
      +                          list
    26                           ;        of conditions and the following disclaimer in the documentation and/or other
    27                           ;        materials provided with the distribution. Publication is not required when
    28                           ;        this file is used in an embedded application.
    29                           ; 
    30                           ;     3. Microchip's name may not be used to endorse or promote products derived from th
      +                          is
    31                           ;        software without specific prior written permission.
    32                           ; 
    33                           ; THIS SOFTWARE IS PROVIDED BY MICROCHIP "AS IS" AND ANY EXPRESS OR IMPLIED WARRANTIES,
    34                           ; INCLUDING, BUT NOT LIMITED TO, THE IMPLIED WARRANTIES OF MERCHANTABILITY AND FITNESS F
      +                          OR
    35                           ; PURPOSE ARE DISCLAIMED.  IN NO EVENT SHALL MICROCHIP BE LIABLE FOR ANY DIRECT, INDIREC
      +                          T,
    36                           ; INCIDENTAL, SPECIAL, EXEMPLARY, OR CONSEQUENTIAL DAMAGES (INCLUDING BUT NOT LIMITED TO
    37                           ; PROCUREMENT OF SUBSTITUTE GOODS OR SERVICES; LOSS OF USE, DATA OR PROFITS; OR BUSINESS
    38                           ; INTERRUPTION) HOWSOEVER CAUSED AND ON ANY THEORY OF LIABILITY, WHETHER IN CONTRACT, ST
      +                          RICT
    39                           ; LIABILITY, OR TORT (INCLUDING NEGLIGENCE OR OTHERWISE) ARISING IN ANY WAY OUT OF THE U
      +                          SE OF
    40                           ; THIS SOFTWARE, EVEN IF ADVISED OF THE POSSIBILITY OF SUCH DAMAGE.
    41                           ; 
    42                           ; 
    43                           ; Code-generator required, PIC10F200 Definitions
    44                           ; 
    45                           ; SFR Addresses
    46      000                     	;# 
    47      001                     	;# 
    48      002                     	;# 
    49      003                     	;# 
    50      004                     	;# 
    51      005                     	;# 
    52      006                     	;# 
    53      006                     _GPIO	set	6
    54      006                     _TRISGPIO	set	6
    55                           
    56                           	psect	cinit
    57      001                     start_initialization:	
    58                           ; #config settings
    59                           
    60      001                     __initialization:
    61      001                     end_of_initialization:	
    62                           ;End of C runtime variable initialization code
    63                           
    64      001                     __end_of__initialization:
    65      001  0064               	clrf	4
    66      002  0A03               	ljmp	_main	;jump to C main() function
    67                           
    68                           	psect	cstackBANK0
    69      010                     __pcstackBANK0:
    70      010                     ?_main:
    71      010                     ??_main:	
    72                           ; 1 bytes @ 0x0
    73                           
    74                           
    75                           ; 1 bytes @ 0x0
    76      010                     	ds	2
    77                           
    78                           	psect	maintext
    79      003                     __pmaintext:	
    80 ;;
    81 ;;Main: autosize = 0, tempsize = 2, incstack = 0, save=0
    82 ;;
    83 ;; *************** function _main *****************
    84 ;; Defined at:
    85 ;;		line 15 in file "Main.c"
    86 ;; Parameters:    Size  Location     Type
    87 ;;		None
    88 ;; Auto vars:     Size  Location     Type
    89 ;;		None
    90 ;; Return value:  Size  Location     Type
    91 ;;                  1   10[None  ] void 
    92 ;; Registers used:
    93 ;;		wreg, fsr0l, fsr0h, status,2
    94 ;; Tracked objects:
    95 ;;		On entry : B00/0
    96 ;;		On exit  : 0/0
    97 ;;		Unchanged: 0/0
    98 ;; Data sizes:     COMMON   BANK0
    99 ;;      Params:         0       0
   100 ;;      Locals:         0       0
   101 ;;      Temps:          0       2
   102 ;;      Totals:         0       2
   103 ;;Total ram usage:        2 bytes
   104 ;; This function calls:
   105 ;;		Nothing
   106 ;; This function is called by:
   107 ;;		Startup code after reset
   108 ;; This function uses a non-reentrant model
   109 ;;
   110                           
   111      003                     _main:	
   112                           ;psect for function _main
   113                           
   114      003                     l534:	
   115                           ;incstack = 0
   116                           ; Regs used in _main: [wreg-fsr0h+status,2]
   117                           
   118                           
   119                           ;Main.c: 16:     TRISGPIO = 0b00000000;
   120      003  0C00               	movlw	0
   121      004  0006               	tris	6
   122      005                     l536:
   123                           
   124                           ;Main.c: 18:         GPIO = 0b10;
   125      005  0C02               	movlw	2
   126      006  0026               	movwf	6	;volatile
   127      007                     l538:
   128                           
   129                           ;Main.c: 19:      _delay((unsigned long)((500)*(1000000/4000.0))) ;
   130      007  0CA3               	movlw	163
   131      008  0031               	movwf	??_main+1
   132      009  0C55               	movlw	85
   133      00A  0030               	movwf	??_main
   134      00B                     u17:
   135      00B  02F0               	decfsz	??_main,f
   136      00C  0A0B               	goto	u17
   137      00D  02F1               	decfsz	??_main+1,f
   138      00E  0A0B               	goto	u17
   139      00F                     l540:
   140                           
   141                           ;Main.c: 20:      GPIO = 0b00;
   142      00F  0066               	clrf	6	;volatile
   143      010                     l542:
   144                           
   145                           ;Main.c: 21:      _delay((unsigned long)((500)*(1000000/4000.0))) ;
   146      010  0CA3               	movlw	163
   147      011  0031               	movwf	??_main+1
   148      012  0C55               	movlw	85
   149      013  0030               	movwf	??_main
   150      014                     u27:
   151      014  02F0               	decfsz	??_main,f
   152      015  0A14               	goto	u27
   153      016  02F1               	decfsz	??_main+1,f
   154      017  0A14               	goto	u27
   155      018  0A05               	goto	l536
   156      019  0A00               	ljmp	start
   157      01A                     __end_of_main:
   158      01C                     btemp	set	28	;btemp
   159      01C                     wtemp0	set	28
   160      01E                     wtemp1	set	30
   161      01C                     ttemp0	set	28
   162      01C                     ltemp0	set	28
   163                           
   164                           	psect	idloc
   165                           
   166                           ;Config register IDLOC0 @ 0x100
   167                           ;	unspecified, using default values
   168      100                     	org	256
   169      100  0FFF               	dw	4095
   170                           
   171                           ;Config register IDLOC1 @ 0x101
   172                           ;	unspecified, using default values
   173      101                     	org	257
   174      101  0FFF               	dw	4095
   175                           
   176                           ;Config register IDLOC2 @ 0x102
   177                           ;	unspecified, using default values
   178      102                     	org	258
   179      102  0FFF               	dw	4095
   180                           
   181                           ;Config register IDLOC3 @ 0x103
   182                           ;	unspecified, using default values
   183      103                     	org	259
   184      103  0FFF               	dw	4095
   185                           
   186                           	psect	config
   187                           
   188                           ;Config register CONFIG @ 0xFFF
   189                           ;	Oscillator
   190                           ;	OSC = 0x1, unprogrammed default
   191                           ;	Watchdog Timer
   192                           ;	WDTE = OFF, WDT disabled
   193                           ;	Code Protect
   194                           ;	CP = OFF, Code protection off
   195                           ;	Master Clear Enable
   196                           ;	MCLRE = ON, GP3/MCLR pin function  is MCLR
   197      FFF                     	org	4095
   198      FFF  0FFB               	dw	4091

Data Sizes:
    Strings     0
    Constant    0
    Data        0
    BSS         0
    Persistent  0
    Stack       0

Auto Spaces:
    Space          Size  Autos    Used
    COMMON            0      0       0
    BANK0            14      2       2

Pointer List with Targets:

    None.

Critical Paths under _main in COMMON

    None.

Critical Paths under _main in BANK0

    None.

Call Graph Tables:

 ---------------------------------------------------------------------------------
 (Depth) Function   	        Calls       Base Space   Used Autos Params    Refs
 ---------------------------------------------------------------------------------
 (0) _main                                                 2     2      0       0
                                              0 BANK0      2     2      0
 ---------------------------------------------------------------------------------
 Estimated maximum stack depth 0
 ---------------------------------------------------------------------------------

 Call Graph Graphs:

 _main (ROOT)

 Address spaces:
Name               Size   Autos  Total    Cost      Usage
BITCOMMON            0      0       0       0        0.0%
NULL                 0      0       0       0        0.0%
CODE                 0      0       0       0        0.0%
BITSFR0              0      0       0       1        0.0%
SFR0                 0      0       0       1        0.0%
COMMON               0      0       0       1        0.0%
STACK                0      0       0       2        0.0%
BANK0                E      2       2       3       14.3%
ABS                  0      0       0       4        0.0%
DATA                 0      0       0       5        0.0%
BITBANK0             E      0       0       6        0.0%


Microchip Technology PIC Macro Assembler V2.40 build 20220703182018 
Symbol Table                                                                                   Sat Dec 17 13:23:29 2022

                     u17 000B                       u27 0014                       fsr 0004  
                    l540 000F                      l542 0010                      l534 0003  
                    l536 0005                      l538 0007                     _GPIO 0006  
                   _main 0003                     btemp 001C                     start 0000  
                  ?_main 0010                    ltemp0 001C                    ttemp0 001C  
                  wtemp0 001C                    wtemp1 001E          __initialization 0001  
           __end_of_main 001A                   ??_main 0010  __end_of__initialization 0001  
             __pmaintext 0003     end_of_initialization 0001      start_initialization 0001  
              ___latbits 0000            __pcstackBANK0 0010                 _TRISGPIO 0006  
